2023-02-06 14:22:38 - Flug (id = 45) wurde angelegt. [von NutzerID = 44]
2023-02-06 14:32:23 - Flug (id = 46) wurde angelegt. [von NutzerID = 44]
2023-02-06 19:34:32 - Flugzeugdaten (id = 11) wurden geändert. [von NutzerID = 44]
2023-02-06 19:39:18 - Nutzer (id = 46) wurde gelöscht. [von NutzerID = 44]
2023-02-06 19:39:26 - Verwaltungspersonalaccount (id = 50) wurden erstellt [von NutzerID = 44].
2023-02-06 19:39:44 - dani.lippmann@yahoo.de hat sich ausgeloggt
2023-02-06 19:40:16 - lippma05@ads.uni-passau.de hat sich eingeloggt
2023-02-06 19:47:14 - lippma05@ads.uni-passau.de hat sich ausgeloggt
2023-02-06 19:47:28 - dani.lippmann@yahoo.de hat sich eingeloggt
2023-02-06 19:49:31 - dani.lippmann@yahoo.de hat sich ausgeloggt
2023-02-06 19:49:42 - lippma05@ads.uni-passau.de hat sich eingeloggt
2023-02-06 19:58:17 - lippma05@ads.uni-passau.de hat sich ausgeloggt
2023-02-06 19:58:22 - dani.lippmann@yahoo.de hat sich eingeloggt
2023-02-06 21:31:46 - dani.lippmann@yahoo.de hat sich ausgeloggt
2023-02-06 21:31:57 - lippma05@ads.uni-passau.de hat sich eingeloggt
2023-02-06 21:43:33 - lippma05@ads.uni-passau.de hat sich ausgeloggt
2023-02-07 08:32:02 - dani.lippmann@yahoo.de hat sich eingeloggt
2023-02-07 08:32:41 - dani.lippmann@yahoo.de hat sich ausgeloggt
2023-02-07 08:32:46 - dani.lippmann@yahoo.de hat sich eingeloggt
2023-02-07 08:33:46 - Flugdaten (id = 45) wurden geändert. [von NutzerID = 44]
2023-02-07 08:33:53 - Flugdaten (id = 45) wurden geändert. [von NutzerID = 44]
2023-02-07 08:39:25 - Flug (id = 47) wurde angelegt. [von NutzerID = 44]
2023-02-07 08:39:56 - dani.lippmann@yahoo.de hat sich ausgeloggt
2023-02-07 08:40:32 - ingo@layser.com hat ein Konto erstellt
2023-02-07 08:40:32 - ingo@layser.com hat ein Konto erstellt
2023-02-07 08:54:39 - ingo@layser.com hat sich ausgeloggt
2023-02-07 08:54:48 - dani.lippmann@yahoo.de hat sich eingeloggt
2023-02-07 08:55:17 - Flug (id = 48) wurde angelegt. [von NutzerID = 44]
2023-02-07 08:55:35 - dani.lippmann@yahoo.de hat sich ausgeloggt
2023-02-07 08:55:54 - ingo@layser.com hat sich eingeloggt
